Copyright 1986-2022 Xilinx, Inc. All Rights Reserved. Copyright 2022-2025 Advanced Micro Devices, Inc. All Rights Reserved.
-------------------------------------------------------------------------------------------------------------------------------------------------------------------------------------
| Tool Version     : Vivado v.2025.2 (win64) Build 6299465 Fri Nov 14 19:35:11 GMT 2025
| Date             : Mon Jun 15 21:07:47 2026
| Host             : DESKTOP-A3QFNGL running 64-bit major release  (build 9200)
| Command          : report_power -file AES128_System_wrapper_power_routed.rpt -pb AES128_System_wrapper_power_summary_routed.pb -rpx AES128_System_wrapper_power_routed.rpx
| Design           : AES128_System_wrapper
| Device           : xc7z010clg400-1
| Design State     : routed
| Grade            : commercial
| Process          : typical
| Characterization : Production
-------------------------------------------------------------------------------------------------------------------------------------------------------------------------------------

Power Report

Table of Contents
-----------------
1. Summary
1.1 On-Chip Components
1.2 Power Supply Summary
1.3 Confidence Level
2. Settings
2.1 Environment
2.2 Clock Constraints
3. Detailed Reports
3.1 By Hierarchy

1. Summary
----------

+--------------------------+--------------+
| Total On-Chip Power (W)  | 1.824        |
| Design Power Budget (W)  | Unspecified* |
| Power Budget Margin (W)  | NA           |
| Dynamic (W)              | 1.697        |
| Device Static (W)        | 0.127        |
| Effective TJA (C/W)      | 11.5         |
| Max Ambient (C)          | 64.0         |
| Junction Temperature (C) | 46.0         |
| Confidence Level         | Medium       |
| Setting File             | ---          |
| Simulation Activity File | ---          |
| Design Nets Matched      | NA           |
+--------------------------+--------------+
* Specify Design Power Budget using, set_operating_conditions -design_power_budget <value in Watts>


1.1 On-Chip Components
----------------------

+--------------------------+-----------+----------+-----------+-----------------+
| On-Chip                  | Power (W) | Used     | Available | Utilization (%) |
+--------------------------+-----------+----------+-----------+-----------------+
| Clocks                   |     0.017 |        9 |       --- |             --- |
| Slice Logic              |     0.007 |     8532 |       --- |             --- |
|   LUT as Logic           |     0.006 |     3026 |     17600 |           17.19 |
|   LUT as Distributed RAM |    <0.001 |      100 |      6000 |            1.67 |
|   Register               |    <0.001 |     3409 |     35200 |            9.68 |
|   CARRY4                 |    <0.001 |       83 |      4400 |            1.89 |
|   LUT as Shift Register  |    <0.001 |       63 |      6000 |            1.05 |
|   F7/F8 Muxes            |    <0.001 |       21 |     17600 |            0.12 |
|   Others                 |     0.000 |      774 |       --- |             --- |
| Signals                  |     0.009 |     6164 |       --- |             --- |
| Block RAM                |    <0.001 |        8 |        60 |           13.33 |
| MMCM                     |     0.106 |        1 |         2 |           50.00 |
| I/O                      |    <0.001 |        5 |       100 |            5.00 |
| PS7                      |     1.556 |        1 |       --- |             --- |
| Static Power             |     0.127 |          |           |                 |
| Total                    |     1.824 |          |           |                 |
+--------------------------+-----------+----------+-----------+-----------------+


1.2 Power Supply Summary
------------------------

+-----------+-------------+-----------+-------------+------------+-------------+-------------+------------+
| Source    | Voltage (V) | Total (A) | Dynamic (A) | Static (A) | Powerup (A) | Budget (A)  | Margin (A) |
+-----------+-------------+-----------+-------------+------------+-------------+-------------+------------+
| Vccint    |       1.000 |     0.043 |       0.035 |      0.008 |       NA    | Unspecified | NA         |
| Vccaux    |       1.800 |     0.067 |       0.059 |      0.008 |       NA    | Unspecified | NA         |
| Vcco33    |       3.300 |     0.001 |       0.000 |      0.001 |       NA    | Unspecified | NA         |
| Vcco25    |       2.500 |     0.000 |       0.000 |      0.000 |       NA    | Unspecified | NA         |
| Vcco18    |       1.800 |     0.000 |       0.000 |      0.000 |       NA    | Unspecified | NA         |
| Vcco15    |       1.500 |     0.000 |       0.000 |      0.000 |       NA    | Unspecified | NA         |
| Vcco135   |       1.350 |     0.000 |       0.000 |      0.000 |       NA    | Unspecified | NA         |
| Vcco12    |       1.200 |     0.000 |       0.000 |      0.000 |       NA    | Unspecified | NA         |
| Vccaux_io |       1.800 |     0.000 |       0.000 |      0.000 |       NA    | Unspecified | NA         |
| Vccbram   |       1.000 |     0.001 |       0.000 |      0.001 |       NA    | Unspecified | NA         |
| MGTAVcc   |       1.000 |     0.000 |       0.000 |      0.000 |       NA    | Unspecified | NA         |
| MGTAVtt   |       1.200 |     0.000 |       0.000 |      0.000 |       NA    | Unspecified | NA         |
| MGTVccaux |       1.800 |     0.000 |       0.000 |      0.000 |       NA    | Unspecified | NA         |
| Vccpint   |       1.000 |     0.735 |       0.703 |      0.032 |       NA    | Unspecified | NA         |
| Vccpaux   |       1.800 |     0.085 |       0.074 |      0.010 |       NA    | Unspecified | NA         |
| Vccpll    |       1.800 |     0.017 |       0.014 |      0.003 |       NA    | Unspecified | NA         |
| Vcco_ddr  |       1.500 |     0.458 |       0.456 |      0.002 |       NA    | Unspecified | NA         |
| Vcco_mio0 |       3.300 |     0.003 |       0.002 |      0.001 |       NA    | Unspecified | NA         |
| Vcco_mio1 |       1.800 |     0.004 |       0.003 |      0.001 |       NA    | Unspecified | NA         |
| Vccadc    |       1.800 |     0.020 |       0.000 |      0.020 |       NA    | Unspecified | NA         |
+-----------+-------------+-----------+-------------+------------+-------------+-------------+------------+


1.3 Confidence Level
--------------------

+-----------------------------+------------+-------------------------------------------------------+------------------------------------------------------------------------------------------------------------+
| User Input Data             | Confidence | Details                                               | Action                                                                                                     |
+-----------------------------+------------+-------------------------------------------------------+------------------------------------------------------------------------------------------------------------+
| Design implementation state | High       | Design is routed                                      |                                                                                                            |
| Clock nodes activity        | High       | User specified more than 95% of clocks                |                                                                                                            |
| I/O nodes activity          | Medium     | More than 5% of inputs are missing user specification | Provide missing input activity with simulation results or by editing the "By Resource Type -> I/Os" view   |
| Internal nodes activity     | Medium     | User specified less than 25% of internal nodes        | Provide missing internal nodes activity with simulation results or by editing the "By Resource Type" views |
| Device models               | High       | Device models are Production                          |                                                                                                            |
|                             |            |                                                       |                                                                                                            |
| Overall confidence level    | Medium     |                                                       |                                                                                                            |
+-----------------------------+------------+-------------------------------------------------------+------------------------------------------------------------------------------------------------------------+


2. Settings
-----------

2.1 Environment
---------------

+-----------------------+------------------------+
| Ambient Temp (C)      | 25.0                   |
| ThetaJA (C/W)         | 11.5                   |
| Airflow (LFM)         | 250                    |
| Heat Sink             | none                   |
| ThetaSA (C/W)         | 0.0                    |
| Board Selection       | medium (10"x10")       |
| # of Board Layers     | 8to11 (8 to 11 Layers) |
| Board Temperature (C) | 25.0                   |
+-----------------------+------------------------+


2.2 Clock Constraints
---------------------

+------------------------------------------------------------------------------------------------------+------------------------------------------------------------------------------------------------------+-----------------+
| Clock                                                                                                | Domain                                                                                               | Constraint (ns) |
+------------------------------------------------------------------------------------------------------+------------------------------------------------------------------------------------------------------+-----------------+
| AES128_System_i/mdm_1/U0/MDM_Core_I1/JTAG_CONTROL_I/Test_Access_Port.BUFG_UPDATE/Using_FPGA.Native/O | AES128_System_i/mdm_1/U0/MDM_Core_I1/JTAG_CONTROL_I/Test_Access_Port.BUFG_UPDATE/Using_FPGA.Native_0 |            66.7 |
| AES128_System_i/mdm_1/U0/Use_E2.BSCAN_I/Use_E2.BSCANE2_I/TCK                                         | AES128_System_i/mdm_1/U0/Use_E2.BSCAN_I/tck                                                          |            33.3 |
| AES128_System_i/mdm_1/U0/Use_E2.BSCAN_I/Use_E2.BSCANE2_I/UPDATE                                      | AES128_System_i/mdm_1/U0/Use_E2.BSCAN_I/Use_E2.BSCANE2_I_n_9                                         |            33.3 |
| clk_fpga_0                                                                                           | AES128_System_i/processing_system7_0/inst/FCLK_CLK_unbuffered[0]                                     |            10.0 |
| clk_out1_AES128_System_clk_wiz_1_0                                                                   | AES128_System_i/clk_wiz_1/inst/clk_out1_AES128_System_clk_wiz_1_0                                    |            10.0 |
| clkfbout_AES128_System_clk_wiz_1_0                                                                   | AES128_System_i/clk_wiz_1/inst/clkfbout_AES128_System_clk_wiz_1_0                                    |            10.0 |
| diff_clock_rtl_clk_p                                                                                 | diff_clock_rtl_clk_p                                                                                 |            10.0 |
+------------------------------------------------------------------------------------------------------+------------------------------------------------------------------------------------------------------+-----------------+


3. Detailed Reports
-------------------

3.1 By Hierarchy
----------------

+-----------------------------------+-----------+
| Name                              | Power (W) |
+-----------------------------------+-----------+
| AES128_System_wrapper             |     1.697 |
|   AES128_System_i                 |     1.697 |
|     clk_wiz_1                     |     0.107 |
|       inst                        |     0.107 |
|     mdm_1                         |     0.001 |
|       U0                          |     0.001 |
|     microblaze_riscv_0            |     0.015 |
|       U0                          |     0.015 |
|     microblaze_riscv_0_axi_intc   |     0.001 |
|       U0                          |     0.001 |
|     microblaze_riscv_0_axi_periph |     0.014 |
|       inst                        |     0.014 |
|     processing_system7_0          |     1.557 |
|       inst                        |     1.557 |
+-----------------------------------+-----------+


